# JRE version: Java(TM) SE Runtime Environment (8.0_131-b11) (build 1.8.0_131-b11)
# Java VM: Java HotSpot(TM) 64-Bit Server VM (25.131-b11 mixed mode bsd-amd64 compressed oops)
Heap:
 PSYoungGen      total 138240K, used 42648K [0x0000000795580000, 0x00000007a0880000, 0x00000007c0000000)
  eden space 137216K, 30% used [0x0000000795580000,0x0000000797ec4408,0x000000079db80000)
  from space 1024K, 38% used [0x00000007a0680000,0x00000007a06e1dd0,0x00000007a0780000)
  to   space 1024K, 0% used [0x00000007a0780000,0x00000007a0780000,0x00000007a0880000)
 ParOldGen       total 59392K, used 25926K [0x0000000740000000, 0x0000000743a00000, 0x0000000795580000)
  object space 59392K, 43% used [0x0000000740000000,0x0000000741951828,0x0000000743a00000)
 Metaspace       used 36005K, capacity 37140K, committed 37288K, reserved 1081344K
  class space    used 4443K, capacity 4690K, committed 4784K, reserved 1048576K
GC Heap History (10 events):
Event: 72.266 GC heap before
{Heap before GC invocations=67 (full 2):
 PSYoungGen      total 162304K, used 161667K [0x0000000795580000, 0x000000079f680000, 0x00000007c0000000)
  eden space 161280K, 100% used [0x0000000795580000,0x000000079f300000,0x000000079f300000)
  from space 1024K, 37% used [0x000000079f400000,0x000000079f460d18,0x000000079f500000)
  to   space 1024K, 0% used [0x000000079f300000,0x000000079f300000,0x000000079f400000)
 ParOldGen       total 59392K, used 25790K [0x0000000740000000, 0x0000000743a00000, 0x0000000795580000)
  object space 59392K, 43% used [0x0000000740000000,0x000000074192f828,0x0000000743a00000)
 Metaspace       used 35919K, capacity 37074K, committed 37288K, reserved 1081344K
  class space    used 4430K, capacity 4689K, committed 4784K, reserved 1048576K
Event: 72.267 GC heap after
Heap after GC invocations=67 (full 2):
 PSYoungGen      total 162304K, used 403K [0x0000000795580000, 0x00000007a0980000, 0x00000007c0000000)
  eden space 161280K, 0% used [0x0000000795580000,0x0000000795580000,0x000000079f300000)
  from space 1024K, 39% used [0x000000079f300000,0x000000079f364e98,0x000000079f400000)
  to   space 1024K, 0% used [0x00000007a0880000,0x00000007a0880000,0x00000007a0980000)
 ParOldGen       total 59392K, used 25822K [0x0000000740000000, 0x0000000743a00000, 0x0000000795580000)
  object space 59392K, 43% used [0x0000000740000000,0x0000000741937828,0x0000000743a00000)
 Metaspace       used 35919K, capacity 37074K, committed 37288K, reserved 1081344K
  class space    used 4430K, capacity 4689K, committed 4784K, reserved 1048576K
}
Event: 73.325 GC heap before
{Heap before GC invocations=68 (full 2):
 PSYoungGen      total 162304K, used 161683K [0x0000000795580000, 0x00000007a0980000, 0x00000007c0000000)
  eden space 161280K, 100% used [0x0000000795580000,0x000000079f300000,0x000000079f300000)
  from space 1024K, 39% used [0x000000079f300000,0x000000079f364e98,0x000000079f400000)
  to   space 1024K, 0% used [0x00000007a0880000,0x00000007a0880000,0x00000007a0980000)
 ParOldGen       total 59392K, used 25822K [0x0000000740000000, 0x0000000743a00000, 0x0000000795580000)
  object space 59392K, 43% used [0x0000000740000000,0x0000000741937828,0x0000000743a00000)
 Metaspace       used 35932K, capacity 37074K, committed 37288K, reserved 1081344K
  class space    used 4432K, capacity 4689K, committed 4784K, reserved 1048576K
Event: 73.326 GC heap after
Heap after GC invocations=68 (full 2):
 PSYoungGen      total 155136K, used 379K [0x0000000795580000, 0x00000007a0900000, 0x00000007c0000000)
  eden space 154624K, 0% used [0x0000000795580000,0x0000000795580000,0x000000079ec80000)
  from space 512K, 74% used [0x00000007a0880000,0x00000007a08dec70,0x00000007a0900000)
  to   space 1024K, 0% used [0x00000007a0700000,0x00000007a0700000,0x00000007a0800000)
 ParOldGen       total 59392K, used 25854K [0x0000000740000000, 0x0000000743a00000, 0x0000000795580000)
  object space 59392K, 43% used [0x0000000740000000,0x000000074193f828,0x0000000743a00000)
 Metaspace       used 35932K, capacity 37074K, committed 37288K, reserved 1081344K
  class space    used 4432K, capacity 4689K, committed 4784K, reserved 1048576K
}
Event: 74.277 GC heap before
{Heap before GC invocations=69 (full 2):
 PSYoungGen      total 155136K, used 155003K [0x0000000795580000, 0x00000007a0900000, 0x00000007c0000000)
  eden space 154624K, 100% used [0x0000000795580000,0x000000079ec80000,0x000000079ec80000)
  from space 512K, 74% used [0x00000007a0880000,0x00000007a08dec70,0x00000007a0900000)
  to   space 1024K, 0% used [0x00000007a0700000,0x00000007a0700000,0x00000007a0800000)
 ParOldGen       total 59392K, used 25854K [0x0000000740000000, 0x0000000743a00000, 0x0000000795580000)
  object space 59392K, 43% used [0x0000000740000000,0x000000074193f828,0x0000000743a00000)
 Metaspace       used 35942K, capacity 37074K, committed 37288K, reserved 1081344K
  class space    used 4435K, capacity 4689K, committed 4784K, reserved 1048576K
Event: 74.278 GC heap after
Heap after GC invocations=69 (full 2):
 PSYoungGen      total 149504K, used 356K [0x0000000795580000, 0x00000007a0900000, 0x00000007c0000000)
  eden space 148480K, 0% used [0x0000000795580000,0x0000000795580000,0x000000079e680000)
  from space 1024K, 34% used [0x00000007a0700000,0x00000007a0759120,0x00000007a0800000)
  to   space 1024K, 0% used [0x00000007a0800000,0x00000007a0800000,0x00000007a0900000)
 ParOldGen       total 59392K, used 25886K [0x0000000740000000, 0x0000000743a00000, 0x0000000795580000)
  object space 59392K, 43% used [0x0000000740000000,0x0000000741947828,0x0000000743a00000)
 Metaspace       used 35942K, capacity 37074K, committed 37288K, reserved 1081344K
  class space    used 4435K, capacity 4689K, committed 4784K, reserved 1048576K
}
Event: 74.860 GC heap before
{Heap before GC invocations=70 (full 2):
 PSYoungGen      total 149504K, used 148836K [0x0000000795580000, 0x00000007a0900000, 0x00000007c0000000)
  eden space 148480K, 100% used [0x0000000795580000,0x000000079e680000,0x000000079e680000)
  from space 1024K, 34% used [0x00000007a0700000,0x00000007a0759120,0x00000007a0800000)
  to   space 1024K, 0% used [0x00000007a0800000,0x00000007a0800000,0x00000007a0900000)
 ParOldGen       total 59392K, used 25886K [0x0000000740000000, 0x0000000743a00000, 0x0000000795580000)
  object space 59392K, 43% used [0x0000000740000000,0x0000000741947828,0x0000000743a00000)
 Metaspace       used 35975K, capacity 37074K, committed 37288K, reserved 1081344K
  class space    used 4438K, capacity 4689K, committed 4784K, reserved 1048576K
Event: 74.862 GC heap after
Heap after GC invocations=70 (full 2):
 PSYoungGen      total 143360K, used 362K [0x0000000795580000, 0x00000007a0880000, 0x00000007c0000000)
  eden space 142848K, 0% used [0x0000000795580000,0x0000000795580000,0x000000079e100000)
  from space 512K, 70% used [0x00000007a0800000,0x00000007a085a9a8,0x00000007a0880000)
  to   space 1024K, 0% used [0x00000007a0680000,0x00000007a0680000,0x00000007a0780000)
 ParOldGen       total 59392K, used 25902K [0x0000000740000000, 0x0000000743a00000, 0x0000000795580000)
  object space 59392K, 43% used [0x0000000740000000,0x000000074194b828,0x0000000743a00000)
 Metaspace       used 35975K, capacity 37074K, committed 37288K, reserved 1081344K
  class space    used 4438K, capacity 4689K, committed 4784K, reserved 1048576K
}
Event: 75.417 GC heap before
{Heap before GC invocations=71 (full 2):
 PSYoungGen      total 143360K, used 143204K [0x0000000795580000, 0x00000007a0880000, 0x00000007c0000000)
  eden space 142848K, 99% used [0x0000000795580000,0x000000079e0fe788,0x000000079e100000)
  from space 512K, 70% used [0x00000007a0800000,0x00000007a085a9a8,0x00000007a0880000)
  to   space 1024K, 0% used [0x00000007a0680000,0x00000007a0680000,0x00000007a0780000)
 ParOldGen       total 59392K, used 25902K [0x0000000740000000, 0x0000000743a00000, 0x0000000795580000)
  object space 59392K, 43% used [0x0000000740000000,0x000000074194b828,0x0000000743a00000)
 Metaspace       used 35997K, capacity 37138K, committed 37288K, reserved 1081344K
  class space    used 4441K, capacity 4689K, committed 4784K, reserved 1048576K
Event: 75.419 GC heap after
Heap after GC invocations=71 (full 2):
 PSYoungGen      total 138240K, used 391K [0x0000000795580000, 0x00000007a0880000, 0x00000007c0000000)
  eden space 137216K, 0% used [0x0000000795580000,0x0000000795580000,0x000000079db80000)
  from space 1024K, 38% used [0x00000007a0680000,0x00000007a06e1dd0,0x00000007a0780000)
  to   space 1024K, 0% used [0x00000007a0780000,0x00000007a0780000,0x00000007a0880000)
 ParOldGen       total 59392K, used 25926K [0x0000000740000000, 0x0000000743a00000, 0x0000000795580000)
  object space 59392K, 43% used [0x0000000740000000,0x0000000741951828,0x0000000743a00000)
 Metaspace       used 35997K, capacity 37138K, committed 37288K, reserved 1081344K
  class space    used 4441K, capacity 4689K, committed 4784K, reserved 1048576K
}

